[2024-02-10 10:53:41,920] {taskinstance.py:1159} INFO - Dependencies all met for <TaskInstance: test_dag_dependencies.write_date scheduled__2024-02-10T10:52:00+00:00 [queued]>
[2024-02-10 10:53:42,202] {taskinstance.py:1159} INFO - Dependencies all met for <TaskInstance: test_dag_dependencies.write_date scheduled__2024-02-10T10:52:00+00:00 [queued]>
[2024-02-10 10:53:42,214] {taskinstance.py:1356} INFO - 
--------------------------------------------------------------------------------
[2024-02-10 10:53:42,218] {taskinstance.py:1357} INFO - Starting attempt 1 of 2
[2024-02-10 10:53:42,241] {taskinstance.py:1358} INFO - 
--------------------------------------------------------------------------------
[2024-02-10 10:53:42,761] {taskinstance.py:1377} INFO - Executing <Task(BashOperator): write_date> on 2024-02-10 10:52:00+00:00
[2024-02-10 10:53:42,950] {standard_task_runner.py:52} INFO - Started process 36131 to run task
[2024-02-10 10:53:43,240] {standard_task_runner.py:79} INFO - Running: ['***', 'tasks', 'run', 'test_dag_dependencies', 'write_date', 'scheduled__2024-02-10T10:52:00+00:00', '--job-id', '152', '--raw', '--subdir', 'DAGS_FOLDER/dag_test_dependencies.py', '--cfg-path', '/tmp/tmp704cj4mi', '--error-file', '/tmp/tmp3kn4ha32']
[2024-02-10 10:53:43,255] {standard_task_runner.py:80} INFO - Job 152: Subtask write_date
[2024-02-10 10:53:44,146] {task_command.py:369} INFO - Running <TaskInstance: test_dag_dependencies.write_date scheduled__2024-02-10T10:52:00+00:00 [running]> on host f4c5b03650dc
[2024-02-10 10:53:44,957] {taskinstance.py:1571} INFO - Exporting the following env vars:
AIRFLOW_CTX_DAG_EMAIL=fidiasierides@gmail.com
AIRFLOW_CTX_DAG_OWNER=Fidias
AIRFLOW_CTX_DAG_ID=test_dag_dependencies
AIRFLOW_CTX_TASK_ID=write_date
AIRFLOW_CTX_EXECUTION_DATE=2024-02-10T10:52:00+00:00
AIRFLOW_CTX_TRY_NUMBER=1
AIRFLOW_CTX_DAG_RUN_ID=scheduled__2024-02-10T10:52:00+00:00
[2024-02-10 10:53:44,993] {subprocess.py:62} INFO - Tmp dir root location: 
 /tmp
[2024-02-10 10:53:44,999] {subprocess.py:74} INFO - Running command: ['bash', '-c', 'pw && date >> date.txt']
[2024-02-10 10:53:45,073] {subprocess.py:85} INFO - Output:
[2024-02-10 10:53:45,080] {subprocess.py:92} INFO - bash: line 1: pw: command not found
[2024-02-10 10:53:45,089] {subprocess.py:96} INFO - Command exited with return code 127
[2024-02-10 10:53:45,219] {taskinstance.py:1889} ERROR - Task failed with exception
Traceback (most recent call last):
  File "/home/airflow/.local/lib/python3.7/site-packages/airflow/operators/bash.py", line 195, in execute
    f'Bash command failed. The command returned a non-zero exit code {result.exit_code}.'
airflow.exceptions.AirflowException: Bash command failed. The command returned a non-zero exit code 127.
[2024-02-10 10:53:45,242] {taskinstance.py:1400} INFO - Marking task as UP_FOR_RETRY. dag_id=test_dag_dependencies, task_id=write_date, execution_date=20240210T105200, start_date=20240210T105341, end_date=20240210T105345
[2024-02-10 10:53:45,335] {standard_task_runner.py:97} ERROR - Failed to execute job 152 for task write_date (Bash command failed. The command returned a non-zero exit code 127.; 36131)
[2024-02-10 10:53:45,440] {local_task_job.py:156} INFO - Task exited with return code 1
[2024-02-10 10:53:46,015] {local_task_job.py:273} INFO - 0 downstream tasks scheduled from follow-on schedule check
