[2024-02-10 17:42:01,105] {taskinstance.py:1159} INFO - Dependencies all met for <TaskInstance: test_dag_dependencies.write_date scheduled__2024-02-10T17:36:00+00:00 [queued]>
[2024-02-10 17:42:01,110] {taskinstance.py:1159} INFO - Dependencies all met for <TaskInstance: test_dag_dependencies.write_date scheduled__2024-02-10T17:36:00+00:00 [queued]>
[2024-02-10 17:42:01,110] {taskinstance.py:1356} INFO - 
--------------------------------------------------------------------------------
[2024-02-10 17:42:01,111] {taskinstance.py:1357} INFO - Starting attempt 2 of 2
[2024-02-10 17:42:01,111] {taskinstance.py:1358} INFO - 
--------------------------------------------------------------------------------
[2024-02-10 17:42:01,118] {taskinstance.py:1377} INFO - Executing <Task(BashOperator): write_date> on 2024-02-10 17:36:00+00:00
[2024-02-10 17:42:01,121] {standard_task_runner.py:52} INFO - Started process 1916 to run task
[2024-02-10 17:42:01,124] {standard_task_runner.py:79} INFO - Running: ['***', 'tasks', 'run', 'test_dag_dependencies', 'write_date', 'scheduled__2024-02-10T17:36:00+00:00', '--job-id', '353', '--raw', '--subdir', 'DAGS_FOLDER/dag_test_dependencies.py', '--cfg-path', '/tmp/tmp2e5k6ery', '--error-file', '/tmp/tmp1bshn7lg']
[2024-02-10 17:42:01,125] {standard_task_runner.py:80} INFO - Job 353: Subtask write_date
[2024-02-10 17:42:01,183] {task_command.py:369} INFO - Running <TaskInstance: test_dag_dependencies.write_date scheduled__2024-02-10T17:36:00+00:00 [running]> on host f4c5b03650dc
[2024-02-10 17:42:01,228] {taskinstance.py:1571} INFO - Exporting the following env vars:
AIRFLOW_CTX_DAG_EMAIL=fidiasierides@gmail.com
AIRFLOW_CTX_DAG_OWNER=Fidias
AIRFLOW_CTX_DAG_ID=test_dag_dependencies
AIRFLOW_CTX_TASK_ID=write_date
AIRFLOW_CTX_EXECUTION_DATE=2024-02-10T17:36:00+00:00
AIRFLOW_CTX_TRY_NUMBER=2
AIRFLOW_CTX_DAG_RUN_ID=scheduled__2024-02-10T17:36:00+00:00
[2024-02-10 17:42:01,229] {subprocess.py:62} INFO - Tmp dir root location: 
 /tmp
[2024-02-10 17:42:01,230] {subprocess.py:74} INFO - Running command: ['bash', '-c', 'pwd && cd .. && cd .. && pwd && cd ~/Users/fidiasieridis/Documents/GitHub/weather-data-store && date >> date.txt']
[2024-02-10 17:42:01,236] {subprocess.py:85} INFO - Output:
[2024-02-10 17:42:01,238] {subprocess.py:92} INFO - /tmp/***tmpnmakiaqa
[2024-02-10 17:42:01,239] {subprocess.py:92} INFO - /
[2024-02-10 17:42:01,239] {subprocess.py:92} INFO - bash: line 1: cd: /home/***/Users/fidiasieridis/Documents/GitHub/weather-data-store: No such file or directory
[2024-02-10 17:42:01,239] {subprocess.py:96} INFO - Command exited with return code 1
[2024-02-10 17:42:01,249] {taskinstance.py:1889} ERROR - Task failed with exception
Traceback (most recent call last):
  File "/home/airflow/.local/lib/python3.7/site-packages/airflow/operators/bash.py", line 195, in execute
    f'Bash command failed. The command returned a non-zero exit code {result.exit_code}.'
airflow.exceptions.AirflowException: Bash command failed. The command returned a non-zero exit code 1.
[2024-02-10 17:42:01,251] {taskinstance.py:1400} INFO - Marking task as FAILED. dag_id=test_dag_dependencies, task_id=write_date, execution_date=20240210T173600, start_date=20240210T174201, end_date=20240210T174201
[2024-02-10 17:42:01,257] {standard_task_runner.py:97} ERROR - Failed to execute job 353 for task write_date (Bash command failed. The command returned a non-zero exit code 1.; 1916)
[2024-02-10 17:42:01,264] {local_task_job.py:156} INFO - Task exited with return code 1
[2024-02-10 17:42:01,290] {local_task_job.py:273} INFO - 0 downstream tasks scheduled from follow-on schedule check
