[2024-02-10 17:41:00,593] {taskinstance.py:1159} INFO - Dependencies all met for <TaskInstance: test_dag_dependencies.write_date scheduled__2024-02-10T17:40:00+00:00 [queued]>
[2024-02-10 17:41:00,600] {taskinstance.py:1159} INFO - Dependencies all met for <TaskInstance: test_dag_dependencies.write_date scheduled__2024-02-10T17:40:00+00:00 [queued]>
[2024-02-10 17:41:00,600] {taskinstance.py:1356} INFO - 
--------------------------------------------------------------------------------
[2024-02-10 17:41:00,600] {taskinstance.py:1357} INFO - Starting attempt 1 of 2
[2024-02-10 17:41:00,601] {taskinstance.py:1358} INFO - 
--------------------------------------------------------------------------------
[2024-02-10 17:41:00,611] {taskinstance.py:1377} INFO - Executing <Task(BashOperator): write_date> on 2024-02-10 17:40:00+00:00
[2024-02-10 17:41:00,614] {standard_task_runner.py:52} INFO - Started process 1865 to run task
[2024-02-10 17:41:00,617] {standard_task_runner.py:79} INFO - Running: ['***', 'tasks', 'run', 'test_dag_dependencies', 'write_date', 'scheduled__2024-02-10T17:40:00+00:00', '--job-id', '351', '--raw', '--subdir', 'DAGS_FOLDER/dag_test_dependencies.py', '--cfg-path', '/tmp/tmpt215hz9w', '--error-file', '/tmp/tmp2x_cb322']
[2024-02-10 17:41:00,621] {standard_task_runner.py:80} INFO - Job 351: Subtask write_date
[2024-02-10 17:41:00,675] {task_command.py:369} INFO - Running <TaskInstance: test_dag_dependencies.write_date scheduled__2024-02-10T17:40:00+00:00 [running]> on host f4c5b03650dc
[2024-02-10 17:41:00,750] {taskinstance.py:1571} INFO - Exporting the following env vars:
AIRFLOW_CTX_DAG_EMAIL=fidiasierides@gmail.com
AIRFLOW_CTX_DAG_OWNER=Fidias
AIRFLOW_CTX_DAG_ID=test_dag_dependencies
AIRFLOW_CTX_TASK_ID=write_date
AIRFLOW_CTX_EXECUTION_DATE=2024-02-10T17:40:00+00:00
AIRFLOW_CTX_TRY_NUMBER=1
AIRFLOW_CTX_DAG_RUN_ID=scheduled__2024-02-10T17:40:00+00:00
[2024-02-10 17:41:00,751] {subprocess.py:62} INFO - Tmp dir root location: 
 /tmp
[2024-02-10 17:41:00,752] {subprocess.py:74} INFO - Running command: ['bash', '-c', 'pwd && cd .. && cd .. && pwd && cd ~/Users/fidiasieridis/Documents/GitHub/weather-data-store && date >> date.txt']
[2024-02-10 17:41:00,759] {subprocess.py:85} INFO - Output:
[2024-02-10 17:41:00,761] {subprocess.py:92} INFO - /tmp/***tmpr_6pzq5o
[2024-02-10 17:41:00,761] {subprocess.py:92} INFO - /
[2024-02-10 17:41:00,761] {subprocess.py:92} INFO - bash: line 1: cd: /home/***/Users/fidiasieridis/Documents/GitHub/weather-data-store: No such file or directory
[2024-02-10 17:41:00,762] {subprocess.py:96} INFO - Command exited with return code 1
[2024-02-10 17:41:00,774] {taskinstance.py:1889} ERROR - Task failed with exception
Traceback (most recent call last):
  File "/home/airflow/.local/lib/python3.7/site-packages/airflow/operators/bash.py", line 195, in execute
    f'Bash command failed. The command returned a non-zero exit code {result.exit_code}.'
airflow.exceptions.AirflowException: Bash command failed. The command returned a non-zero exit code 1.
[2024-02-10 17:41:00,779] {taskinstance.py:1400} INFO - Marking task as UP_FOR_RETRY. dag_id=test_dag_dependencies, task_id=write_date, execution_date=20240210T174000, start_date=20240210T174100, end_date=20240210T174100
[2024-02-10 17:41:00,790] {standard_task_runner.py:97} ERROR - Failed to execute job 351 for task write_date (Bash command failed. The command returned a non-zero exit code 1.; 1865)
[2024-02-10 17:41:00,804] {local_task_job.py:156} INFO - Task exited with return code 1
[2024-02-10 17:41:00,838] {local_task_job.py:273} INFO - 0 downstream tasks scheduled from follow-on schedule check
